<?xml version="1.0" encoding="UTF-8"?>
<coverage generated="1603100304317" clover="3.2.0">
  <project timestamp="1603100304317" name="All files">
    <metrics statements="51" coveredstatements="48" conditionals="11" coveredconditionals="4" methods="29" coveredmethods="28" elements="91" coveredelements="80" complexity="0" loc="51" ncloc="51" packages="3" files="8" classes="8"/>
    <package name="components.filter-bar">
      <metrics statements="28" coveredstatements="26" conditionals="4" coveredconditionals="1" methods="18" coveredmethods="17"/>
      <file name="CountryFilter.vue" path="/home/juliageek/Projects/tv-shows-3/src/components/filter-bar/CountryFilter.vue">
        <metrics statements="1" coveredstatements="1" conditionals="0" coveredconditionals="0" methods="1" coveredmethods="1"/>
        <line num="24" count="2" type="stmt"/>
      </file>
      <file name="DatePicker.vue" path="/home/juliageek/Projects/tv-shows-3/src/components/filter-bar/DatePicker.vue">
        <metrics statements="1" coveredstatements="1" conditionals="0" coveredconditionals="0" methods="1" coveredmethods="1"/>
        <line num="37" count="1" type="stmt"/>
      </file>
      <file name="FilterBar.vue" path="/home/juliageek/Projects/tv-shows-3/src/components/filter-bar/FilterBar.vue">
        <metrics statements="18" coveredstatements="16" conditionals="4" coveredconditionals="1" methods="8" coveredmethods="7"/>
        <line num="46" count="2" type="stmt"/>
        <line num="47" count="2" type="stmt"/>
        <line num="48" count="2" type="stmt"/>
        <line num="49" count="2" type="stmt"/>
        <line num="50" count="2" type="stmt"/>
        <line num="51" count="2" type="stmt"/>
        <line num="52" count="2" type="stmt"/>
        <line num="64" count="4" type="stmt"/>
        <line num="76" count="4" type="stmt"/>
        <line num="81" count="0" type="cond" truecount="0" falsecount="2"/>
        <line num="82" count="0" type="stmt"/>
        <line num="86" count="1" type="stmt"/>
        <line num="89" count="1" type="stmt"/>
        <line num="93" count="4" type="stmt"/>
        <line num="98" count="1" type="stmt"/>
        <line num="101" count="1" type="cond" truecount="1" falsecount="1"/>
        <line num="102" count="1" type="stmt"/>
        <line num="104" count="1" type="stmt"/>
      </file>
      <file name="Genres.vue" path="/home/juliageek/Projects/tv-shows-3/src/components/filter-bar/Genres.vue">
        <metrics statements="4" coveredstatements="4" conditionals="0" coveredconditionals="0" methods="4" coveredmethods="4"/>
        <line num="55" count="4" type="stmt"/>
        <line num="60" count="4" type="stmt"/>
        <line num="64" count="1" type="stmt"/>
        <line num="69" count="1" type="stmt"/>
      </file>
      <file name="Search.vue" path="/home/juliageek/Projects/tv-shows-3/src/components/filter-bar/Search.vue">
        <metrics statements="4" coveredstatements="4" conditionals="0" coveredconditionals="0" methods="4" coveredmethods="4"/>
        <line num="19" count="3" type="stmt"/>
        <line num="25" count="4" type="stmt"/>
        <line num="28" count="1" type="stmt"/>
        <line num="32" count="3" type="stmt"/>
      </file>
    </package>
    <package name="components.shows">
      <metrics statements="17" coveredstatements="16" conditionals="4" coveredconditionals="2" methods="9" coveredmethods="9"/>
      <file name="ShowDetails.vue" path="/home/juliageek/Projects/tv-shows-3/src/components/shows/ShowDetails.vue">
        <metrics statements="2" coveredstatements="2" conditionals="0" coveredconditionals="0" methods="1" coveredmethods="1"/>
        <line num="30" count="2" type="stmt"/>
        <line num="42" count="1" type="stmt"/>
      </file>
      <file name="Shows.vue" path="/home/juliageek/Projects/tv-shows-3/src/components/shows/Shows.vue">
        <metrics statements="15" coveredstatements="14" conditionals="4" coveredconditionals="2" methods="8" coveredmethods="8"/>
        <line num="30" count="1" type="stmt"/>
        <line num="31" count="1" type="stmt"/>
        <line num="32" count="1" type="stmt"/>
        <line num="33" count="1" type="stmt"/>
        <line num="46" count="4" type="stmt"/>
        <line num="54" count="4" type="stmt"/>
        <line num="59" count="3" type="stmt"/>
        <line num="63" count="4" type="cond" truecount="1" falsecount="1"/>
        <line num="64" count="4" type="stmt"/>
        <line num="72" count="1" type="cond" truecount="1" falsecount="1"/>
        <line num="73" count="0" type="stmt"/>
        <line num="75" count="25" type="stmt"/>
        <line num="77" count="1" type="stmt"/>
        <line num="80" count="1" type="stmt"/>
        <line num="81" count="24" type="stmt"/>
      </file>
    </package>
    <package name="utils">
      <metrics statements="6" coveredstatements="6" conditionals="3" coveredconditionals="1" methods="2" coveredmethods="2"/>
      <file name="utils.js" path="/home/juliageek/Projects/tv-shows-3/src/utils/utils.js">
        <metrics statements="6" coveredstatements="6" conditionals="3" coveredconditionals="1" methods="2" coveredmethods="2"/>
        <line num="1" count="3" type="stmt"/>
        <line num="2" count="1" type="stmt"/>
        <line num="5" count="3" type="stmt"/>
        <line num="6" count="1" type="stmt"/>
        <line num="7" count="1" type="stmt"/>
        <line num="8" count="1" type="cond" truecount="1" falsecount="2"/>
      </file>
    </package>
  </project>
</coverage>
