{"/home/juliageek/Projects/tv-shows-3/src/components/filter-bar/CountryFilter.vue": {"path":"/home/juliageek/Projects/tv-shows-3/src/components/filter-bar/CountryFilter.vue","statementMap":{"0":{"start":{"line":24,"column":0},"end":{"line":24,"column":null}}},"fnMap":{"0":{"name":"(anonymous_1)","decl":{"start":{"line":23,"column":0},"end":{"line":23,"column":null}},"loc":{"start":{"line":23,"column":0},"end":{"line":27,"column":null}}}},"branchMap":{},"s":{"0":2},"f":{"0":2},"b":{}}
,"/home/juliageek/Projects/tv-shows-3/src/components/filter-bar/DatePicker.vue": {"path":"/home/juliageek/Projects/tv-shows-3/src/components/filter-bar/DatePicker.vue","statementMap":{"0":{"start":{"line":37,"column":0},"end":{"line":37,"column":null}}},"fnMap":{"0":{"name":"(anonymous_1)","decl":{"start":{"line":36,"column":0},"end":{"line":36,"column":null}},"loc":{"start":{"line":36,"column":0},"end":{"line":40,"column":null}}}},"branchMap":{},"s":{"0":1},"f":{"0":1},"b":{}}
,"/home/juliageek/Projects/tv-shows-3/src/components/filter-bar/FilterBar.vue": {"path":"/home/juliageek/Projects/tv-shows-3/src/components/filter-bar/FilterBar.vue","statementMap":{"0":{"start":{"line":46,"column":0},"end":{"line":46,"column":null}},"1":{"start":{"line":47,"column":0},"end":{"line":47,"column":null}},"2":{"start":{"line":48,"column":0},"end":{"line":48,"column":null}},"3":{"start":{"line":49,"column":0},"end":{"line":49,"column":null}},"4":{"start":{"line":50,"column":0},"end":{"line":50,"column":null}},"5":{"start":{"line":51,"column":0},"end":{"line":51,"column":null}},"6":{"start":{"line":52,"column":0},"end":{"line":52,"column":null}},"7":{"start":{"line":64,"column":0},"end":{"line":64,"column":null}},"8":{"start":{"line":76,"column":0},"end":{"line":76,"column":null}},"9":{"start":{"line":81,"column":0},"end":{"line":83,"column":null}},"10":{"start":{"line":82,"column":0},"end":{"line":82,"column":null}},"11":{"start":{"line":86,"column":0},"end":{"line":86,"column":null}},"12":{"start":{"line":89,"column":0},"end":{"line":89,"column":null}},"13":{"start":{"line":93,"column":0},"end":{"line":93,"column":null}},"14":{"start":{"line":98,"column":0},"end":{"line":98,"column":null}},"15":{"start":{"line":101,"column":0},"end":{"line":103,"column":null}},"16":{"start":{"line":102,"column":0},"end":{"line":102,"column":null}},"17":{"start":{"line":104,"column":0},"end":{"line":104,"column":null}}},"fnMap":{"0":{"name":"(anonymous_1)","decl":{"start":{"line":63,"column":0},"end":{"line":63,"column":null}},"loc":{"start":{"line":63,"column":0},"end":{"line":71,"column":null}}},"1":{"name":"(anonymous_2)","decl":{"start":{"line":75,"column":0},"end":{"line":75,"column":null}},"loc":{"start":{"line":75,"column":0},"end":{"line":77,"column":null}}},"2":{"name":"(anonymous_3)","decl":{"start":{"line":80,"column":0},"end":{"line":80,"column":null}},"loc":{"start":{"line":80,"column":0},"end":{"line":84,"column":null}}},"3":{"name":"(anonymous_4)","decl":{"start":{"line":85,"column":0},"end":{"line":85,"column":null}},"loc":{"start":{"line":85,"column":0},"end":{"line":87,"column":null}}},"4":{"name":"(anonymous_5)","decl":{"start":{"line":88,"column":0},"end":{"line":88,"column":null}},"loc":{"start":{"line":88,"column":0},"end":{"line":90,"column":null}}},"5":{"name":"(anonymous_6)","decl":{"start":{"line":92,"column":0},"end":{"line":92,"column":null}},"loc":{"start":{"line":92,"column":0},"end":{"line":94,"column":null}}},"6":{"name":"(anonymous_7)","decl":{"start":{"line":97,"column":0},"end":{"line":97,"column":null}},"loc":{"start":{"line":97,"column":0},"end":{"line":99,"column":null}}},"7":{"name":"(anonymous_8)","decl":{"start":{"line":100,"column":0},"end":{"line":100,"column":null}},"loc":{"start":{"line":100,"column":0},"end":{"line":105,"column":null}}}},"branchMap":{"0":{"loc":{"start":{"line":81,"column":0},"end":{"line":83,"column":null}},"type":"if","locations":[{"start":{"line":81,"column":0},"end":{"line":83,"column":null}},{"start":{"line":81,"column":0},"end":{"line":83,"column":null}}]},"1":{"loc":{"start":{"line":101,"column":0},"end":{"line":103,"column":null}},"type":"if","locations":[{"start":{"line":101,"column":0},"end":{"line":103,"column":null}},{"start":{"line":101,"column":0},"end":{"line":103,"column":null}}]}},"s":{"0":2,"1":2,"2":2,"3":2,"4":2,"5":2,"6":2,"7":4,"8":4,"9":0,"10":0,"11":1,"12":1,"13":4,"14":1,"15":1,"16":1,"17":1},"f":{"0":4,"1":4,"2":0,"3":1,"4":1,"5":4,"6":1,"7":1},"b":{"0":[0,0],"1":[1,0]}}
,"/home/juliageek/Projects/tv-shows-3/src/components/filter-bar/Genres.vue": {"path":"/home/juliageek/Projects/tv-shows-3/src/components/filter-bar/Genres.vue","statementMap":{"0":{"start":{"line":55,"column":0},"end":{"line":55,"column":null}},"1":{"start":{"line":60,"column":0},"end":{"line":60,"column":null}},"2":{"start":{"line":64,"column":0},"end":{"line":64,"column":null}},"3":{"start":{"line":69,"column":0},"end":{"line":69,"column":null}}},"fnMap":{"0":{"name":"(anonymous_1)","decl":{"start":{"line":54,"column":0},"end":{"line":54,"column":null}},"loc":{"start":{"line":54,"column":0},"end":{"line":58,"column":null}}},"1":{"name":"(anonymous_2)","decl":{"start":{"line":59,"column":0},"end":{"line":59,"column":null}},"loc":{"start":{"line":59,"column":0},"end":{"line":61,"column":null}}},"2":{"name":"(anonymous_3)","decl":{"start":{"line":63,"column":0},"end":{"line":63,"column":null}},"loc":{"start":{"line":63,"column":0},"end":{"line":65,"column":null}}},"3":{"name":"(anonymous_4)","decl":{"start":{"line":68,"column":0},"end":{"line":68,"column":null}},"loc":{"start":{"line":68,"column":0},"end":{"line":70,"column":null}}}},"branchMap":{},"s":{"0":4,"1":4,"2":1,"3":1},"f":{"0":4,"1":4,"2":1,"3":1},"b":{}}
,"/home/juliageek/Projects/tv-shows-3/src/components/filter-bar/Search.vue": {"path":"/home/juliageek/Projects/tv-shows-3/src/components/filter-bar/Search.vue","statementMap":{"0":{"start":{"line":19,"column":0},"end":{"line":19,"column":null}},"1":{"start":{"line":25,"column":0},"end":{"line":25,"column":null}},"2":{"start":{"line":28,"column":0},"end":{"line":28,"column":null}},"3":{"start":{"line":32,"column":0},"end":{"line":32,"column":null}}},"fnMap":{"0":{"name":"(anonymous_1)","decl":{"start":{"line":18,"column":0},"end":{"line":18,"column":null}},"loc":{"start":{"line":18,"column":0},"end":{"line":22,"column":null}}},"1":{"name":"(anonymous_2)","decl":{"start":{"line":24,"column":0},"end":{"line":24,"column":null}},"loc":{"start":{"line":24,"column":0},"end":{"line":26,"column":null}}},"2":{"name":"(anonymous_3)","decl":{"start":{"line":27,"column":0},"end":{"line":27,"column":null}},"loc":{"start":{"line":27,"column":0},"end":{"line":29,"column":null}}},"3":{"name":"(anonymous_4)","decl":{"start":{"line":31,"column":0},"end":{"line":31,"column":null}},"loc":{"start":{"line":31,"column":0},"end":{"line":33,"column":null}}}},"branchMap":{},"s":{"0":3,"1":4,"2":1,"3":3},"f":{"0":3,"1":4,"2":1,"3":3},"b":{}}
,"/home/juliageek/Projects/tv-shows-3/src/components/shows/ShowDetails.vue": {"path":"/home/juliageek/Projects/tv-shows-3/src/components/shows/ShowDetails.vue","statementMap":{"0":{"start":{"line":30,"column":0},"end":{"line":30,"column":null}},"1":{"start":{"line":42,"column":0},"end":{"line":42,"column":null}}},"fnMap":{"0":{"name":"(anonymous_1)","decl":{"start":{"line":41,"column":0},"end":{"line":41,"column":null}},"loc":{"start":{"line":41,"column":0},"end":{"line":43,"column":null}}}},"branchMap":{},"s":{"0":2,"1":1},"f":{"0":1},"b":{}}
,"/home/juliageek/Projects/tv-shows-3/src/components/shows/Shows.vue": {"path":"/home/juliageek/Projects/tv-shows-3/src/components/shows/Shows.vue","statementMap":{"0":{"start":{"line":30,"column":0},"end":{"line":30,"column":null}},"1":{"start":{"line":31,"column":0},"end":{"line":31,"column":null}},"2":{"start":{"line":32,"column":0},"end":{"line":32,"column":null}},"3":{"start":{"line":33,"column":0},"end":{"line":33,"column":null}},"4":{"start":{"line":46,"column":0},"end":{"line":46,"column":null}},"5":{"start":{"line":54,"column":0},"end":{"line":54,"column":null}},"6":{"start":{"line":59,"column":0},"end":{"line":59,"column":null}},"7":{"start":{"line":63,"column":0},"end":{"line":65,"column":null}},"8":{"start":{"line":64,"column":0},"end":{"line":64,"column":null}},"9":{"start":{"line":72,"column":0},"end":{"line":76,"column":null}},"10":{"start":{"line":73,"column":0},"end":{"line":73,"column":null}},"11":{"start":{"line":75,"column":0},"end":{"line":75,"column":null}},"12":{"start":{"line":77,"column":0},"end":{"line":77,"column":null}},"13":{"start":{"line":80,"column":0},"end":{"line":82,"column":null}},"14":{"start":{"line":81,"column":0},"end":{"line":81,"column":null}}},"fnMap":{"0":{"name":"(anonymous_1)","decl":{"start":{"line":45,"column":0},"end":{"line":45,"column":null}},"loc":{"start":{"line":45,"column":0},"end":{"line":50,"column":null}}},"1":{"name":"(anonymous_2)","decl":{"start":{"line":53,"column":0},"end":{"line":53,"column":null}},"loc":{"start":{"line":53,"column":0},"end":{"line":55,"column":null}}},"2":{"name":"(anonymous_3)","decl":{"start":{"line":58,"column":0},"end":{"line":58,"column":null}},"loc":{"start":{"line":58,"column":0},"end":{"line":60,"column":null}}},"3":{"name":"(anonymous_4)","decl":{"start":{"line":62,"column":0},"end":{"line":62,"column":null}},"loc":{"start":{"line":62,"column":0},"end":{"line":66,"column":null}}},"4":{"name":"(anonymous_5)","decl":{"start":{"line":69,"column":0},"end":{"line":69,"column":null}},"loc":{"start":{"line":69,"column":0},"end":{"line":78,"column":null}}},"5":{"name":"(anonymous_6)","decl":{"start":{"line":75,"column":0},"end":{"line":75,"column":null}},"loc":{"start":{"line":75,"column":0},"end":{"line":75,"column":null}}},"6":{"name":"(anonymous_7)","decl":{"start":{"line":79,"column":0},"end":{"line":79,"column":null}},"loc":{"start":{"line":79,"column":0},"end":{"line":83,"column":null}}},"7":{"name":"(anonymous_8)","decl":{"start":{"line":80,"column":0},"end":{"line":80,"column":null}},"loc":{"start":{"line":80,"column":0},"end":{"line":82,"column":null}}}},"branchMap":{"0":{"loc":{"start":{"line":63,"column":0},"end":{"line":65,"column":null}},"type":"if","locations":[{"start":{"line":63,"column":0},"end":{"line":65,"column":null}},{"start":{"line":63,"column":0},"end":{"line":65,"column":null}}]},"1":{"loc":{"start":{"line":72,"column":0},"end":{"line":76,"column":null}},"type":"if","locations":[{"start":{"line":72,"column":0},"end":{"line":76,"column":null}},{"start":{"line":72,"column":0},"end":{"line":76,"column":null}}]}},"s":{"0":1,"1":1,"2":1,"3":1,"4":4,"5":4,"6":3,"7":4,"8":4,"9":1,"10":0,"11":25,"12":1,"13":1,"14":24},"f":{"0":4,"1":4,"2":3,"3":4,"4":1,"5":24,"6":1,"7":24},"b":{"0":[4,0],"1":[0,1]}}
,"/home/juliageek/Projects/tv-shows-3/src/utils/utils.js": {"path":"/home/juliageek/Projects/tv-shows-3/src/utils/utils.js","statementMap":{"0":{"start":{"line":1,"column":19},"end":{"line":3,"column":1}},"1":{"start":{"line":2,"column":2},"end":{"line":2,"column":74}},"2":{"start":{"line":5,"column":18},"end":{"line":9,"column":1}},"3":{"start":{"line":6,"column":12},"end":{"line":6,"column":41}},"4":{"start":{"line":7,"column":2},"end":{"line":7,"column":23}},"5":{"start":{"line":8,"column":2},"end":{"line":8,"column":48}}},"fnMap":{"0":{"name":"(anonymous_0)","decl":{"start":{"line":1,"column":19},"end":{"line":1,"column":20}},"loc":{"start":{"line":1,"column":27},"end":{"line":3,"column":1}},"line":1},"1":{"name":"(anonymous_1)","decl":{"start":{"line":5,"column":18},"end":{"line":5,"column":19}},"loc":{"start":{"line":5,"column":26},"end":{"line":9,"column":1}},"line":5}},"branchMap":{"0":{"loc":{"start":{"line":8,"column":9},"end":{"line":8,"column":47}},"type":"binary-expr","locations":[{"start":{"line":8,"column":9},"end":{"line":8,"column":24}},{"start":{"line":8,"column":28},"end":{"line":8,"column":41}},{"start":{"line":8,"column":45},"end":{"line":8,"column":47}}],"line":8}},"s":{"0":3,"1":1,"2":3,"3":1,"4":1,"5":1},"f":{"0":1,"1":1},"b":{"0":[1,0,0]},"_coverageSchema":"43e27e138ebf9cfc5966b082cf9a028302ed4184","hash":"56e6d1745dd089fdb3e70f132acd35558a596a7e"}
}
