TN:
SF:/home/juliageek/Projects/tv-shows-3/src/components/filter-bar/CountryFilter.vue
FN:23,(anonymous_1)
FNF:1
FNH:1
FNDA:2,(anonymous_1)
DA:24,2
LF:1
LH:1
BRF:0
BRH:0
end_of_record
TN:
SF:/home/juliageek/Projects/tv-shows-3/src/components/filter-bar/DatePicker.vue
FN:36,(anonymous_1)
FNF:1
FNH:1
FNDA:1,(anonymous_1)
DA:37,1
LF:1
LH:1
BRF:0
BRH:0
end_of_record
TN:
SF:/home/juliageek/Projects/tv-shows-3/src/components/filter-bar/FilterBar.vue
FN:63,(anonymous_1)
FN:75,(anonymous_2)
FN:80,(anonymous_3)
FN:86,(anonymous_4)
FN:91,(anonymous_5)
FN:96,(anonymous_6)
FNF:6
FNH:5
FNDA:3,(anonymous_1)
FNDA:3,(anonymous_2)
FNDA:0,(anonymous_3)
FNDA:3,(anonymous_4)
FNDA:1,(anonymous_5)
FNDA:1,(anonymous_6)
DA:46,2
DA:47,2
DA:48,2
DA:49,2
DA:50,2
DA:51,2
DA:52,2
DA:64,3
DA:76,3
DA:81,0
DA:82,0
DA:87,3
DA:92,1
DA:93,1
DA:94,1
DA:97,1
DA:98,1
DA:100,1
DA:101,1
LF:19
LH:17
BRDA:81,0,0,0
BRDA:81,0,1,0
BRDA:97,1,0,1
BRDA:97,1,1,0
BRF:4
BRH:1
end_of_record
TN:
SF:/home/juliageek/Projects/tv-shows-3/src/components/filter-bar/Genres.vue
FN:54,(anonymous_1)
FN:59,(anonymous_2)
FN:63,(anonymous_3)
FN:68,(anonymous_4)
FNF:4
FNH:3
FNDA:3,(anonymous_1)
FNDA:3,(anonymous_2)
FNDA:0,(anonymous_3)
FNDA:1,(anonymous_4)
DA:55,3
DA:60,3
DA:64,0
DA:69,1
LF:4
LH:3
BRF:0
BRH:0
end_of_record
TN:
SF:/home/juliageek/Projects/tv-shows-3/src/components/filter-bar/Search.vue
FN:18,(anonymous_1)
FN:24,(anonymous_2)
FN:27,(anonymous_3)
FN:31,(anonymous_4)
FNF:4
FNH:2
FNDA:2,(anonymous_1)
FNDA:0,(anonymous_2)
FNDA:0,(anonymous_3)
FNDA:2,(anonymous_4)
DA:19,2
DA:25,0
DA:28,0
DA:32,2
LF:4
LH:2
BRF:0
BRH:0
end_of_record
TN:
SF:/home/juliageek/Projects/tv-shows-3/src/components/shows/ShowDetails.vue
FN:41,(anonymous_1)
FNF:1
FNH:1
FNDA:1,(anonymous_1)
DA:30,2
DA:42,1
LF:2
LH:2
BRF:0
BRH:0
end_of_record
TN:
SF:/home/juliageek/Projects/tv-shows-3/src/components/shows/Shows.vue
FN:45,(anonymous_1)
FN:53,(anonymous_2)
FN:58,(anonymous_3)
FN:62,(anonymous_4)
FN:69,(anonymous_5)
FN:75,(anonymous_6)
FN:79,(anonymous_7)
FN:80,(anonymous_8)
FNF:8
FNH:8
FNDA:4,(anonymous_1)
FNDA:4,(anonymous_2)
FNDA:3,(anonymous_3)
FNDA:4,(anonymous_4)
FNDA:1,(anonymous_5)
FNDA:24,(anonymous_6)
FNDA:1,(anonymous_7)
FNDA:24,(anonymous_8)
DA:30,1
DA:31,1
DA:32,1
DA:33,1
DA:46,4
DA:54,4
DA:59,3
DA:63,4
DA:64,4
DA:72,1
DA:73,0
DA:75,25
DA:77,1
DA:80,1
DA:81,24
LF:15
LH:14
BRDA:63,0,0,4
BRDA:63,0,1,0
BRDA:72,1,0,0
BRDA:72,1,1,1
BRF:4
BRH:2
end_of_record
TN:
SF:/home/juliageek/Projects/tv-shows-3/src/utils/utils.js
FN:1,(anonymous_0)
FN:5,(anonymous_1)
FNF:2
FNH:2
FNDA:1,(anonymous_0)
FNDA:1,(anonymous_1)
DA:1,3
DA:2,1
DA:5,3
DA:6,1
DA:7,1
DA:8,1
LF:6
LH:6
BRDA:8,0,0,1
BRDA:8,0,1,0
BRDA:8,0,2,0
BRF:3
BRH:1
end_of_record
