TN:
SF:/home/juliageek/Projects/tv-shows-3/src/components/filter-bar/CountryFilter.vue
FN:23,(anonymous_1)
FNF:1
FNH:1
FNDA:2,(anonymous_1)
DA:24,2
LF:1
LH:1
BRF:0
BRH:0
end_of_record
TN:
SF:/home/juliageek/Projects/tv-shows-3/src/components/filter-bar/DatePicker.vue
FN:36,(anonymous_1)
FNF:1
FNH:1
FNDA:1,(anonymous_1)
DA:37,1
LF:1
LH:1
BRF:0
BRH:0
end_of_record
TN:
SF:/home/juliageek/Projects/tv-shows-3/src/components/filter-bar/FilterBar.vue
FN:60,(anonymous_1)
FN:74,(anonymous_2)
FN:78,(anonymous_3)
FNF:3
FNH:3
FNDA:1,(anonymous_1)
FNDA:1,(anonymous_2)
FNDA:1,(anonymous_3)
DA:43,2
DA:44,2
DA:45,2
DA:46,2
DA:47,2
DA:48,2
DA:49,2
DA:61,1
DA:75,1
DA:79,1
LF:10
LH:10
BRF:0
BRH:0
end_of_record
TN:
SF:/home/juliageek/Projects/tv-shows-3/src/components/filter-bar/Genres.vue
FN:54,(anonymous_1)
FN:59,(anonymous_2)
FN:63,(anonymous_3)
FNF:3
FNH:3
FNDA:3,(anonymous_1)
FNDA:3,(anonymous_2)
FNDA:1,(anonymous_3)
DA:55,3
DA:60,3
DA:64,1
DA:65,1
LF:4
LH:4
BRF:0
BRH:0
end_of_record
TN:
SF:/home/juliageek/Projects/tv-shows-3/src/components/filter-bar/Search.vue
FN:12,(anonymous_1)
FN:18,(anonymous_2)
FNF:2
FNH:1
FNDA:2,(anonymous_1)
FNDA:0,(anonymous_2)
DA:13,2
DA:19,0
LF:2
LH:1
BRF:0
BRH:0
end_of_record
TN:
SF:/home/juliageek/Projects/tv-shows-3/src/components/shows/ShowDetails.vue
FN:47,(anonymous_1)
FNF:1
FNH:1
FNDA:1,(anonymous_1)
DA:36,2
DA:48,1
LF:2
LH:2
BRF:0
BRH:0
end_of_record
TN:
SF:/home/juliageek/Projects/tv-shows-3/src/components/shows/Shows.vue
FN:60,(anonymous_1)
FN:68,(anonymous_2)
FN:73,(anonymous_3)
FN:77,(anonymous_4)
FN:86,(anonymous_5)
FN:92,(anonymous_6)
FN:96,(anonymous_7)
FN:97,(anonymous_8)
FNF:8
FNH:8
FNDA:5,(anonymous_1)
FNDA:4,(anonymous_2)
FNDA:3,(anonymous_3)
FNDA:5,(anonymous_4)
FNDA:1,(anonymous_5)
FNDA:24,(anonymous_6)
FNDA:1,(anonymous_7)
FNDA:24,(anonymous_8)
DA:42,1
DA:43,1
DA:44,1
DA:45,1
DA:61,5
DA:69,4
DA:74,3
DA:78,5
DA:79,5
DA:89,1
DA:90,0
DA:92,25
DA:94,1
DA:97,1
DA:98,24
LF:15
LH:14
BRDA:78,0,0,5
BRDA:78,0,1,0
BRDA:89,1,0,0
BRDA:89,1,1,1
BRF:4
BRH:2
end_of_record
TN:
SF:/home/juliageek/Projects/tv-shows-3/src/utils/utils.js
FN:1,(anonymous_0)
FN:5,(anonymous_1)
FNF:2
FNH:2
FNDA:1,(anonymous_0)
FNDA:1,(anonymous_1)
DA:1,3
DA:2,1
DA:5,3
DA:6,1
DA:7,1
DA:8,1
LF:6
LH:6
BRDA:8,0,0,1
BRDA:8,0,1,0
BRDA:8,0,2,0
BRF:3
BRH:1
end_of_record
